Base path: D:/Software/Program/Unity/Editor/Data
Pipe name: \\.\pipe\UnityShaderCompiler-2-2216
Cmd: getPlatforms
Cmd: compileSnippet
  api=9 type=0 insize=898 outsize=629 kw= ok=1
Cmd: compileSnippet
  api=9 type=1 insize=898 outsize=7 kw= ok=1
Cmd: compileSnippet
  api=9 type=0 insize=1381 outsize=1455 kw= ok=1
Cmd: compileSnippet
  api=9 type=1 insize=1381 outsize=7 kw= ok=1
Cmd: compileSnippet
  api=9 type=0 insize=2154 outsize=2151 kw= ok=1
Cmd: compileSnippet
  api=9 type=1 insize=2154 outsize=7 kw= ok=1
Cmd: compileSnippet
  api=9 type=0 insize=2219 outsize=2311 kw= ok=1
Cmd: compileSnippet
  api=9 type=1 insize=2219 outsize=7 kw= ok=1
Cmd: compileSnippet
  api=9 type=0 insize=1329 outsize=1271 kw= ok=1
Cmd: compileSnippet
  api=9 type=1 insize=1329 outsize=7 kw= ok=1
Cmd: compileSnippet
  api=9 type=0 insize=2284 outsize=2501 kw= ok=1
Cmd: compileSnippet
  api=9 type=0 insize=882 outsize=631 kw= ok=1
Cmd: compileSnippet
  api=9 type=1 insize=882 outsize=7 kw= ok=1
Cmd: compileSnippet
  api=9 type=0 insize=1051 outsize=1052 kw= ok=1
Cmd: compileSnippet
  api=9 type=1 insize=1051 outsize=7 kw= ok=1
Unhandled exception: Readfile from pipe failed. GLE=管道已结束。


Quitting shader compiler process
